Using pre-set license
Built from '2020.3/staging' branch; Version is '2020.3.19f1 (68f137dc9bbe) revision 6877495'; Using compiler version '192528614'; Build Type 'Release'
OS: 'Windows 10 Pro; OS build 19042.1586; Version 2009; 64bit' Language: 'ru' Physical Memory: 12148 MB
BatchMode: 1, IsHumanControllingUs: 0, StartBugReporterOnCrash: 0, Is64bit: 1, IsPro: 0

COMMAND LINE ARGUMENTS:
E:\Unity\2020.3.19f1\Editor\Unity.exe
-adb2
-batchMode
-noUpm
-name
AssetImportWorker0
-projectPath
D:/Downloads/VR-main/Loca
-logFile
Logs/AssetImportWorker0.log
-srvPort
61584
Successfully changed project path to: D:/Downloads/VR-main/Loca
D:/Downloads/VR-main/Loca
Using Asset Import Pipeline V2.
Refreshing native plugins compatible for Editor in 68.28 ms, found 5 plugins.
Preloading 0 native plugins for Editor in 0.00 ms.
Initialize engine version: 2020.3.19f1 (68f137dc9bbe)
[Subsystems] Discovering subsystems at path E:/Unity/2020.3.19f1/Editor/Data/Resources/UnitySubsystems
[Subsystems] Discovering subsystems at path D:/Downloads/VR-main/Loca/Assets
GfxDevice: creating device client; threaded=0
Direct3D:
    Version:  Direct3D 11.0 [level 11.1]
    Renderer: NVIDIA GeForce GTX 1060 (ID=0x1c20)
    Vendor:   
    VRAM:     6052 MB
    Driver:   30.0.14.7212
Initialize mono
Mono path[0] = 'E:/Unity/2020.3.19f1/Editor/Data/Managed'
Mono path[1] = 'E:/Unity/2020.3.19f1/Editor/Data/MonoBleedingEdge/lib/mono/unityjit'
Mono config path = 'E:/Unity/2020.3.19f1/Editor/Data/MonoBleedingEdge/etc'
Using monoOptions --debugger-agent=transport=dt_socket,embedding=1,server=y,suspend=n,address=127.0.0.1:56820
Begin MonoManager ReloadAssembly
Registering precompiled unity dll's ...
Register platform support module: E:/Unity/2020.3.19f1/Editor/Data/PlaybackEngines/WindowsStandaloneSupport/UnityEditor.WindowsStandalone.Extensions.dll
Registered in 0.001637 seconds.
Native extension for WindowsStandalone target not found
Refreshing native plugins compatible for Editor in 64.18 ms, found 5 plugins.
Preloading 0 native plugins for Editor in 0.00 ms.
Mono: successfully reloaded assembly
- Completed reload, in  1.569 seconds
Domain Reload Profiling:
	ReloadAssembly (1569ms)
		BeginReloadAssembly (83ms)
			ExecutionOrderSort (0ms)
			DisableScriptedObjects (0ms)
			BackupInstance (0ms)
			ReleaseScriptingObjects (0ms)
			CreateAndSetChildDomain (1ms)
		EndReloadAssembly (665ms)
			LoadAssemblies (82ms)
			RebuildTransferFunctionScriptingTraits (0ms)
			SetupTypeCache (249ms)
			ReleaseScriptCaches (0ms)
			RebuildScriptCaches (49ms)
			SetupLoadedEditorAssemblies (262ms)
				LogAssemblyErrors (0ms)
				InitializePlatformSupportModulesInManaged (6ms)
				SetLoadedEditorAssemblies (0ms)
				RefreshPlugins (64ms)
				BeforeProcessingInitializeOnLoad (13ms)
				ProcessInitializeOnLoadAttributes (132ms)
				ProcessInitializeOnLoadMethodAttributes (46ms)
				AfterProcessingInitializeOnLoad (0ms)
				EditorAssembliesLoaded (0ms)
			ExecutionOrderSort2 (0ms)
			AwakeInstancesAfterBackupRestoration (0ms)
Platform modules already initialized, skipping
Registering precompiled user dll's ...
Registered in 0.005060 seconds.
Begin MonoManager ReloadAssembly
Native extension for WindowsStandalone target not found
Refreshing native plugins compatible for Editor in 0.67 ms, found 5 plugins.
Preloading 0 native plugins for Editor in 0.00 ms.
Mono: successfully reloaded assembly
- Completed reload, in  1.639 seconds
Domain Reload Profiling:
	ReloadAssembly (1640ms)
		BeginReloadAssembly (245ms)
			ExecutionOrderSort (0ms)
			DisableScriptedObjects (7ms)
			BackupInstance (0ms)
			ReleaseScriptingObjects (0ms)
			CreateAndSetChildDomain (29ms)
		EndReloadAssembly (1307ms)
			LoadAssemblies (150ms)
			RebuildTransferFunctionScriptingTraits (0ms)
			SetupTypeCache (467ms)
			ReleaseScriptCaches (1ms)
			RebuildScriptCaches (76ms)
			SetupLoadedEditorAssemblies (469ms)
				LogAssemblyErrors (0ms)
				InitializePlatformSupportModulesInManaged (8ms)
				SetLoadedEditorAssemblies (1ms)
				RefreshPlugins (1ms)
				BeforeProcessingInitializeOnLoad (87ms)
				ProcessInitializeOnLoadAttributes (361ms)
				ProcessInitializeOnLoadMethodAttributes (7ms)
				AfterProcessingInitializeOnLoad (4ms)
				EditorAssembliesLoaded (0ms)
			ExecutionOrderSort2 (0ms)
			AwakeInstancesAfterBackupRestoration (10ms)
Platform modules already initialized, skipping
========================================================================
Worker process is ready to serve import requests
Launched and connected shader compiler UnityShaderCompiler.exe after 0.31 seconds
Refreshing native plugins compatible for Editor in 0.66 ms, found 5 plugins.
Preloading 0 native plugins for Editor in 0.00 ms.
Unloading 1713 Unused Serialized files (Serialized files now loaded: 0)
System memory in use before: 78.6 MB.
System memory in use after: 78.7 MB.

Unloading 19 unused Assets to reduce memory usage. Loaded Objects now: 2148.
Total: 3.911800 ms (FindLiveObjects: 0.203000 ms CreateObjectMapping: 0.088100 ms MarkObjects: 3.530100 ms  DeleteObjects: 0.088900 ms)

AssetImportParameters requested are different than current active one (requested -> active):
  custom:framework-win-MediaFoundation: 216162199b28c13a410421893ffa2e32 -> 
  custom:video-decoder-ogg-theora: a1e56fd34408186e4bbccfd4996cb3dc -> 
  custom:container-muxer-webm: aa71ff27fc2769a1b78a27578f13a17b -> 
  custom:container-demuxer-webm: 4f35f7cbe854078d1ac9338744f61a02 -> 
  custom:container-demuxer-ogg: 62fdf1f143b41e24485cea50d1cbac27 -> 
  custom:video-encoder-webm-vp8: eb34c28f22e8b96e1ab97ce403110664 -> 
  custom:video-decoder-webm-vp8: 9c59270c3fd7afecdb556c50c9e8de78 -> 
  custom:audio-decoder-ogg-vorbis: bf7c407c2cedff20999df2af8eb42d56 -> 
  custom:audio-encoder-webm-vorbis: bf7c407c2cedff20999df2af8eb42d56 -> 
========================================================================
Received Import Request.
  path: Assets/XR
  artifactKey: Guid(73f4f3da11420cb44a05080b4cf72556) Importer(815301076,1909f56bfc062723c751e8b465ee728b)
Start importing Assets/XR using Guid(73f4f3da11420cb44a05080b4cf72556) Importer(815301076,1909f56bfc062723c751e8b465ee728b)  -> (artifact id: '51cfbccb8d2f05bf86a2e032cf70aedf') in 0.012564 seconds 
  Import took 0.016357 seconds .

========================================================================
Received Import Request.
  Time since last request: 0.000326 seconds.
  path: Assets/RPG_FPS_game_assets_industrial
  artifactKey: Guid(766ee86c9e155124cb77ca44dd8ceda2) Importer(815301076,1909f56bfc062723c751e8b465ee728b)
Start importing Assets/RPG_FPS_game_assets_industrial using Guid(766ee86c9e155124cb77ca44dd8ceda2) Importer(815301076,1909f56bfc062723c751e8b465ee728b)  -> (artifact id: '77264150ca1d767ee8d00b0edef71531') in 0.014062 seconds 
  Import took 0.018234 seconds .

========================================================================
Received Import Request.
  Time since last request: 0.000063 seconds.
  path: Assets/StreamingAssets
  artifactKey: Guid(7d3cdd8b65798e445b82ad93189a4152) Importer(815301076,1909f56bfc062723c751e8b465ee728b)
Start importing Assets/StreamingAssets using Guid(7d3cdd8b65798e445b82ad93189a4152) Importer(815301076,1909f56bfc062723c751e8b465ee728b)  -> (artifact id: '948f68d3434dd323db23403c8c204e96') in 0.012100 seconds 
  Import took 0.021729 seconds .

========================================================================
Received Import Request.
  Time since last request: 0.000279 seconds.
  path: Assets/SteamVR_Resources
  artifactKey: Guid(9230acb2d49c6174b9224ebfb1a4a29b) Importer(815301076,1909f56bfc062723c751e8b465ee728b)
Start importing Assets/SteamVR_Resources using Guid(9230acb2d49c6174b9224ebfb1a4a29b) Importer(815301076,1909f56bfc062723c751e8b465ee728b)  -> (artifact id: 'd71cc08fe9f14e04a6ff80ac90c8e4f3') in 0.013805 seconds 
  Import took 0.017879 seconds .

========================================================================
Received Import Request.
  Time since last request: 7.481800 seconds.
  path: Assets/RPG_FPS_game_assets_industrial/Map_v2.unity
  artifactKey: Guid(1d35c8ff8df44934ab0d5619746c0699) Importer(815301076,1909f56bfc062723c751e8b465ee728b)
Start importing Assets/RPG_FPS_game_assets_industrial/Map_v2.unity using Guid(1d35c8ff8df44934ab0d5619746c0699) Importer(815301076,1909f56bfc062723c751e8b465ee728b)  -> (artifact id: 'f3b228a0baa0395cb3b7753e49691bc6') in 0.028348 seconds 
  Import took 0.032106 seconds .

========================================================================
Received Import Request.
  Time since last request: 1.125758 seconds.
  path: Assets/RPG_FPS_game_assets_industrial/Map_v1Settings.lighting
  artifactKey: Guid(1081672edd44f5a4a84f33971fab7ca2) Importer(815301076,1909f56bfc062723c751e8b465ee728b)
Start importing Assets/RPG_FPS_game_assets_industrial/Map_v1Settings.lighting using Guid(1081672edd44f5a4a84f33971fab7ca2) Importer(815301076,1909f56bfc062723c751e8b465ee728b) LightingSettings: switching bake backend from 1 to 0.
 -> (artifact id: '9fe449261da86d7b287da1a2318fcb9d') in 0.052332 seconds 
  Import took 0.057019 seconds .

========================================================================
Received Import Request.
  Time since last request: 1.281423 seconds.
  path: Assets/RPG_FPS_game_assets_industrial/Map_v2Settings.lighting
  artifactKey: Guid(2a90716b90773f743b4646a2f4a1832f) Importer(815301076,1909f56bfc062723c751e8b465ee728b)
Start importing Assets/RPG_FPS_game_assets_industrial/Map_v2Settings.lighting using Guid(2a90716b90773f743b4646a2f4a1832f) Importer(815301076,1909f56bfc062723c751e8b465ee728b) LightingSettings: switching bake backend from 1 to 0.
 -> (artifact id: '086b61d62a1d0236141877f4c88788c2') in 0.011587 seconds 
  Import took 0.016304 seconds .

========================================================================
Received Import Request.
  Time since last request: 4.439652 seconds.
  path: Assets/RPG_FPS_game_assets_industrial/Assets_showcase_sceneSettings.lighting
  artifactKey: Guid(ac5a487d4667a0b43aafbb6610384bb8) Importer(815301076,1909f56bfc062723c751e8b465ee728b)
Start importing Assets/RPG_FPS_game_assets_industrial/Assets_showcase_sceneSettings.lighting using Guid(ac5a487d4667a0b43aafbb6610384bb8) Importer(815301076,1909f56bfc062723c751e8b465ee728b) LightingSettings: switching bake backend from 1 to 0.
 -> (artifact id: 'e5a4c4999183828c0b6308028ccf2f9d') in 0.011383 seconds 
  Import took 0.016260 seconds .

========================================================================
Received Import Request.
  Time since last request: 1.086221 seconds.
  path: Assets/RPG_FPS_game_assets_industrial/Map_v1.unity
  artifactKey: Guid(5a463281e6e238742a45430f11e82829) Importer(815301076,1909f56bfc062723c751e8b465ee728b)
Start importing Assets/RPG_FPS_game_assets_industrial/Map_v1.unity using Guid(5a463281e6e238742a45430f11e82829) Importer(815301076,1909f56bfc062723c751e8b465ee728b)  -> (artifact id: '358f50332c58f50663d546531acca355') in 0.009601 seconds 
  Import took 0.013625 seconds .

========================================================================
Received Import Request.
  Time since last request: 21.449529 seconds.
  path: Assets/RPG_FPS_game_assets_industrial/Assets_showcase_scene.unity
  artifactKey: Guid(a8f7c31154bcc5e409be7f1bb14f0b08) Importer(815301076,1909f56bfc062723c751e8b465ee728b)
Start importing Assets/RPG_FPS_game_assets_industrial/Assets_showcase_scene.unity using Guid(a8f7c31154bcc5e409be7f1bb14f0b08) Importer(815301076,1909f56bfc062723c751e8b465ee728b)  -> (artifact id: '9bf3d0d2a0aa0535c236cd92809de9ed') in 0.011152 seconds 
  Import took 0.015702 seconds .

========================================================================
Received Import Request.
  Time since last request: 29.232342 seconds.
  path: Assets/Scenes
  artifactKey: Guid(9276cc5c47e74c249a9d65be9c6e1d32) Importer(815301076,1909f56bfc062723c751e8b465ee728b)
Start importing Assets/Scenes using Guid(9276cc5c47e74c249a9d65be9c6e1d32) Importer(815301076,1909f56bfc062723c751e8b465ee728b)  -> (artifact id: '4a71701d13576204782a7238e63c7c50') in 0.011558 seconds 
  Import took 0.016315 seconds .

========================================================================
Received Import Request.
  Time since last request: 0.670864 seconds.
  path: Assets/Scenes/SampleScene.unity
  artifactKey: Guid(9fc0d4010bbf28b4594072e72b8655ab) Importer(815301076,1909f56bfc062723c751e8b465ee728b)
Start importing Assets/Scenes/SampleScene.unity using Guid(9fc0d4010bbf28b4594072e72b8655ab) Importer(815301076,1909f56bfc062723c751e8b465ee728b)  -> (artifact id: 'a147a928a5aa6c68e39364061645680a') in 0.012435 seconds 
  Import took 0.016497 seconds .

========================================================================
Received Prepare
Registering precompiled user dll's ...
Registered in 0.004884 seconds.
Begin MonoManager ReloadAssembly
Native extension for WindowsStandalone target not found
Refreshing native plugins compatible for Editor in 1.74 ms, found 5 plugins.
Preloading 0 native plugins for Editor in 0.00 ms.
Mono: successfully reloaded assembly
- Completed reload, in  5.964 seconds
Domain Reload Profiling:
	ReloadAssembly (5964ms)
		BeginReloadAssembly (509ms)
			ExecutionOrderSort (0ms)
			DisableScriptedObjects (9ms)
			BackupInstance (0ms)
			ReleaseScriptingObjects (0ms)
			CreateAndSetChildDomain (65ms)
		EndReloadAssembly (5279ms)
			LoadAssemblies (237ms)
			RebuildTransferFunctionScriptingTraits (0ms)
			SetupTypeCache (1272ms)
			ReleaseScriptCaches (4ms)
			RebuildScriptCaches (416ms)
			SetupLoadedEditorAssemblies (2174ms)
				LogAssemblyErrors (0ms)
				InitializePlatformSupportModulesInManaged (61ms)
				SetLoadedEditorAssemblies (1ms)
				RefreshPlugins (2ms)
				BeforeProcessingInitializeOnLoad (326ms)
				ProcessInitializeOnLoadAttributes (1756ms)
				ProcessInitializeOnLoadMethodAttributes (15ms)
				AfterProcessingInitializeOnLoad (12ms)
				EditorAssembliesLoaded (2ms)
			ExecutionOrderSort2 (0ms)
			AwakeInstancesAfterBackupRestoration (40ms)
Platform modules already initialized, skipping
Refreshing native plugins compatible for Editor in 1.07 ms, found 5 plugins.
Preloading 0 native plugins for Editor in 0.00 ms.
Unloading 1687 Unused Serialized files (Serialized files now loaded: 0)
System memory in use before: 77.0 MB.
System memory in use after: 77.1 MB.

Unloading 14 unused Assets to reduce memory usage. Loaded Objects now: 2151.
Total: 9.419100 ms (FindLiveObjects: 0.422500 ms CreateObjectMapping: 0.472200 ms MarkObjects: 8.497100 ms  DeleteObjects: 0.025400 ms)

AssetImportParameters requested are different than current active one (requested -> active):
  custom:framework-win-MediaFoundation: 216162199b28c13a410421893ffa2e32 -> 
  custom:video-decoder-ogg-theora: a1e56fd34408186e4bbccfd4996cb3dc -> 
  custom:container-muxer-webm: aa71ff27fc2769a1b78a27578f13a17b -> 
  custom:container-demuxer-webm: 4f35f7cbe854078d1ac9338744f61a02 -> 
  custom:container-demuxer-ogg: 62fdf1f143b41e24485cea50d1cbac27 -> 
  custom:video-encoder-webm-vp8: eb34c28f22e8b96e1ab97ce403110664 -> 
  custom:video-decoder-webm-vp8: 9c59270c3fd7afecdb556c50c9e8de78 -> 
  custom:audio-decoder-ogg-vorbis: bf7c407c2cedff20999df2af8eb42d56 -> 
  custom:audio-encoder-webm-vorbis: bf7c407c2cedff20999df2af8eb42d56 -> 
========================================================================
Received Prepare
Registering precompiled user dll's ...
Registered in 0.005910 seconds.
Begin MonoManager ReloadAssembly
Native extension for WindowsStandalone target not found
Refreshing native plugins compatible for Editor in 3.14 ms, found 5 plugins.
Preloading 0 native plugins for Editor in 0.00 ms.
Mono: successfully reloaded assembly
- Completed reload, in  7.686 seconds
Domain Reload Profiling:
	ReloadAssembly (7687ms)
		BeginReloadAssembly (257ms)
			ExecutionOrderSort (0ms)
			DisableScriptedObjects (7ms)
			BackupInstance (0ms)
			ReleaseScriptingObjects (0ms)
			CreateAndSetChildDomain (58ms)
		EndReloadAssembly (7046ms)
			LoadAssemblies (449ms)
			RebuildTransferFunctionScriptingTraits (0ms)
			SetupTypeCache (2187ms)
			ReleaseScriptCaches (4ms)
			RebuildScriptCaches (519ms)
			SetupLoadedEditorAssemblies (2848ms)
				LogAssemblyErrors (0ms)
				InitializePlatformSupportModulesInManaged (40ms)
				SetLoadedEditorAssemblies (1ms)
				RefreshPlugins (4ms)
				BeforeProcessingInitializeOnLoad (288ms)
				ProcessInitializeOnLoadAttributes (2495ms)
				ProcessInitializeOnLoadMethodAttributes (13ms)
				AfterProcessingInitializeOnLoad (7ms)
				EditorAssembliesLoaded (1ms)
			ExecutionOrderSort2 (0ms)
			AwakeInstancesAfterBackupRestoration (33ms)
Platform modules already initialized, skipping
Refreshing native plugins compatible for Editor in 18.51 ms, found 5 plugins.
Preloading 0 native plugins for Editor in 0.00 ms.
Unloading 1687 Unused Serialized files (Serialized files now loaded: 0)
System memory in use before: 77.0 MB.
System memory in use after: 77.1 MB.

Unloading 14 unused Assets to reduce memory usage. Loaded Objects now: 2154.
Total: 6.936300 ms (FindLiveObjects: 0.380900 ms CreateObjectMapping: 0.189900 ms MarkObjects: 6.326800 ms  DeleteObjects: 0.035700 ms)

AssetImportParameters requested are different than current active one (requested -> active):
  custom:framework-win-MediaFoundation: 216162199b28c13a410421893ffa2e32 -> 
  custom:video-decoder-ogg-theora: a1e56fd34408186e4bbccfd4996cb3dc -> 
  custom:container-muxer-webm: aa71ff27fc2769a1b78a27578f13a17b -> 
  custom:container-demuxer-webm: 4f35f7cbe854078d1ac9338744f61a02 -> 
  custom:container-demuxer-ogg: 62fdf1f143b41e24485cea50d1cbac27 -> 
  custom:video-encoder-webm-vp8: eb34c28f22e8b96e1ab97ce403110664 -> 
  custom:video-decoder-webm-vp8: 9c59270c3fd7afecdb556c50c9e8de78 -> 
  custom:audio-decoder-ogg-vorbis: bf7c407c2cedff20999df2af8eb42d56 -> 
  custom:audio-encoder-webm-vorbis: bf7c407c2cedff20999df2af8eb42d56 -> 
========================================================================
Received Prepare
Registering precompiled user dll's ...
Registered in 0.204702 seconds.
Begin MonoManager ReloadAssembly
Native extension for WindowsStandalone target not found
Refreshing native plugins compatible for Editor in 8.24 ms, found 5 plugins.
Preloading 0 native plugins for Editor in 0.00 ms.
Mono: successfully reloaded assembly
- Completed reload, in 20.852 seconds
Domain Reload Profiling:
	ReloadAssembly (20853ms)
		BeginReloadAssembly (912ms)
			ExecutionOrderSort (0ms)
			DisableScriptedObjects (33ms)
			BackupInstance (0ms)
			ReleaseScriptingObjects (0ms)
			CreateAndSetChildDomain (234ms)
		EndReloadAssembly (19221ms)
			LoadAssemblies (4705ms)
			RebuildTransferFunctionScriptingTraits (0ms)
			SetupTypeCache (7806ms)
			ReleaseScriptCaches (3ms)
			RebuildScriptCaches (558ms)
			SetupLoadedEditorAssemblies (2038ms)
				LogAssemblyErrors (0ms)
				InitializePlatformSupportModulesInManaged (94ms)
				SetLoadedEditorAssemblies (2ms)
				RefreshPlugins (9ms)
				BeforeProcessingInitializeOnLoad (561ms)
				ProcessInitializeOnLoadAttributes (1343ms)
				ProcessInitializeOnLoadMethodAttributes (18ms)
				AfterProcessingInitializeOnLoad (11ms)
				EditorAssembliesLoaded (1ms)
			ExecutionOrderSort2 (0ms)
			AwakeInstancesAfterBackupRestoration (56ms)
Platform modules already initialized, skipping
Refreshing native plugins compatible for Editor in 1.09 ms, found 5 plugins.
Preloading 0 native plugins for Editor in 0.00 ms.
Unloading 1687 Unused Serialized files (Serialized files now loaded: 0)
System memory in use before: 77.0 MB.
System memory in use after: 77.1 MB.

Unloading 14 unused Assets to reduce memory usage. Loaded Objects now: 2157.
Total: 26.962500 ms (FindLiveObjects: 1.030400 ms CreateObjectMapping: 8.279100 ms MarkObjects: 17.564700 ms  DeleteObjects: 0.085800 ms)

AssetImportParameters requested are different than current active one (requested -> active):
  custom:framework-win-MediaFoundation: 216162199b28c13a410421893ffa2e32 -> 
  custom:video-decoder-ogg-theora: a1e56fd34408186e4bbccfd4996cb3dc -> 
  custom:container-muxer-webm: aa71ff27fc2769a1b78a27578f13a17b -> 
  custom:container-demuxer-webm: 4f35f7cbe854078d1ac9338744f61a02 -> 
  custom:container-demuxer-ogg: 62fdf1f143b41e24485cea50d1cbac27 -> 
  custom:video-encoder-webm-vp8: eb34c28f22e8b96e1ab97ce403110664 -> 
  custom:video-decoder-webm-vp8: 9c59270c3fd7afecdb556c50c9e8de78 -> 
  custom:audio-decoder-ogg-vorbis: bf7c407c2cedff20999df2af8eb42d56 -> 
  custom:audio-encoder-webm-vorbis: bf7c407c2cedff20999df2af8eb42d56 -> 
AssetImportWorkerClient::OnTransportError - code=2 error=End of file
